
main.elf:     file format elf32-littlearm
main.elf
architecture: armv7, flags 0x00000112:
EXEC_P, HAS_SYMS, D_PAGED
start address 0x08000000

Program Header:
    LOAD off    0x00010000 vaddr 0x08000000 paddr 0x08000000 align 2**16
         filesz 0x000000f8 memsz 0x000000f8 flags r-x
    LOAD off    0x00020000 vaddr 0x20000000 paddr 0x080000f8 align 2**16
         filesz 0x00000000 memsz 0x00000000 flags rw-
private flags = 0x5000200: [Version5 EABI] [soft-float ABI]

Sections:
Idx Name          Size      VMA       LMA       File off  Algn
  0 .text         000000f8  08000000  08000000  00010000  2**2
                  CONTENTS, ALLOC, LOAD, READONLY, CODE
  1 .preinit_array 00000000  080000f8  080000f8  00020000  2**0
                  CONTENTS, ALLOC, LOAD, DATA
  2 .init_array   00000000  080000f8  080000f8  00020000  2**0
                  CONTENTS, ALLOC, LOAD, DATA
  3 .fini_array   00000000  080000f8  080000f8  00020000  2**0
                  CONTENTS, ALLOC, LOAD, DATA
  4 .data         00000000  20000000  080000f8  00020000  2**0
                  CONTENTS, ALLOC, LOAD, DATA
  5 .bss          00000000  20000000  080000f8  00020000  2**0
                  ALLOC
  6 .ARM.attributes 00000021  00000000  00000000  00020000  2**0
                  CONTENTS, READONLY
  7 .debug_line   0000003a  00000000  00000000  00020021  2**0
                  CONTENTS, READONLY, DEBUGGING, OCTETS
  8 .debug_info   00000026  00000000  00000000  0002005b  2**0
                  CONTENTS, READONLY, DEBUGGING, OCTETS
  9 .debug_abbrev 00000014  00000000  00000000  00020081  2**0
                  CONTENTS, READONLY, DEBUGGING, OCTETS
 10 .debug_aranges 00000020  00000000  00000000  00020098  2**3
                  CONTENTS, READONLY, DEBUGGING, OCTETS
 11 .debug_str    00000029  00000000  00000000  000200b8  2**0
                  CONTENTS, READONLY, DEBUGGING, OCTETS
SYMBOL TABLE:
08000000 l    d  .text	00000000 .text
080000f8 l    d  .preinit_array	00000000 .preinit_array
080000f8 l    d  .init_array	00000000 .init_array
080000f8 l    d  .fini_array	00000000 .fini_array
20000000 l    d  .data	00000000 .data
20000000 l    d  .bss	00000000 .bss
00000000 l    d  .ARM.attributes	00000000 .ARM.attributes
00000000 l    d  .debug_line	00000000 .debug_line
00000000 l    d  .debug_info	00000000 .debug_info
00000000 l    d  .debug_abbrev	00000000 .debug_abbrev
00000000 l    d  .debug_aranges	00000000 .debug_aranges
00000000 l    d  .debug_str	00000000 .debug_str
00000000 l    df *ABS*	00000000 main.o
080000ec l       .text	00000000 main
00000000         *UND*	00000000 reset_handler
080000f8 g       .fini_array	00000000 __exidx_end
080000f8 g       .data	00000000 _etext
080000f8 g       .fini_array	00000000 __fini_array_end
080000f8 g       .fini_array	00000000 __exidx_start
20000000 g       .bss	00000000 _ebss
00000000         *UND*	00000000 vector_table
080000f8 g       *ABS*	00000000 _data_loadaddr
20000000 g       .bss	00000000 end
080000f8 g       .fini_array	00000000 __fini_array_start
080000f8 g       .init_array	00000000 __init_array_end
080000f8 g       .preinit_array	00000000 __preinit_array_end
20000000 g       .data	00000000 _data
20000000 g       .data	00000000 _edata
080000f8 g       .init_array	00000000 __init_array_start
080000f8 g       .preinit_array	00000000 __preinit_array_start



Disassembly of section .text:

08000000 <main-0xec>:
 8000000:	20000400 	andcs	r0, r0, r0, lsl #8
 8000004:	080000ed 	stmdaeq	r0, {r0, r2, r3, r5, r6, r7}
	...

080000ec <main>:
.word 0x20000400
.word 0x080000ed
.space 0xe4

main:
    ldr   r1, =0x20000100
 80000ec:	4901      	ldr	r1, [pc, #4]	; (80000f4 <main+0x8>)
    ldrb   r3, [r1, #1] 
 80000ee:	784b      	ldrb	r3, [r1, #1]
    mov r6, r3
 80000f0:	461e      	mov	r6, r3
B .
 80000f2:	e7fe      	b.n	80000f2 <main+0x6>
    ldr   r1, =0x20000100
 80000f4:	20000100 	.word	0x20000100
